Files already downloaded and verified
You are going to run models on the test set. Are you sure?
Files already downloaded and verified
----  ---------  ---------  ---------  ---------  ---------  ---------  ---------  ---------
  ep         lr    tr_loss     tr_acc     te_nll     te_acc    poi_nll    poi_acc       time
----  ---------  ---------  ---------  ---------  ---------  ---------  ---------  ---------
   1     0.0100     1.3629    55.5740     1.9506    23.7400     0.1876    97.9800    39.3420
   2     0.0100     1.1291    59.4640     1.7917    36.3000     0.1816    95.2200    29.6390
   3     0.0100     1.0184    63.4520     2.3945    30.1800     0.2078    89.5200    29.4846
   4     0.0100     0.9100    67.2440     1.3920    51.2600     0.1600    95.7200    29.4853
   5     0.0100     0.8208    70.1700     1.2112    55.6200     0.0896    97.4000    29.5650
   6     0.0100     0.7511    72.0000     1.1986    58.9100     0.1331    95.7400    29.4041
   7     0.0100     0.7055    73.6100     0.9896    64.7800     0.0965    96.9800    29.5387
   8     0.0100     0.6736    74.2720     1.1976    58.5200     0.4047    85.2400    29.5132
   9     0.0100     0.6424    75.3800     1.0522    64.5500     0.4757    83.1200    29.4422
  10     0.0100     0.6103    76.4880     1.0959    60.7600     0.1638    93.8800    29.6122
  11     0.0100     0.5845    77.3400     0.8322    71.7200     0.3166    87.0000    29.5950
  12     0.0100     0.5699    77.9500     0.9586    68.3500     0.5064    81.8600    29.3725
  13     0.0100     0.5550    78.0600     0.8025    73.7700     0.4706    84.2000    29.4500
  14     0.0100     0.5272    78.9720     0.9483    68.7300     0.1390    95.1200    29.4879
  15     0.0100     0.5129    79.4260     0.7167    76.3000     0.2707    89.9800    29.5205
  16     0.0100     0.5045    79.7200     0.8850    71.6200     0.0903    96.6800    29.5082
  17     0.0100     0.4822    80.4440     0.8787    72.1500     0.1652    93.9800    29.5038
  18     0.0100     0.4754    80.5000     1.1807    63.1200     0.2435    90.3800    29.5360
  19     0.0100     0.4561    81.5420     0.8218    74.1200     0.1382    94.4400    29.5472
  20     0.0100     0.4448    81.8560     0.7255    76.1100     0.0993    95.9200    29.5360
  21     0.0100     0.4332    81.9860     0.6912    78.0700     0.3501    85.8600    29.5596
  22     0.0100     0.4363    81.6640     1.0811    68.7500     0.0783    96.9400    29.4059
  23     0.0100     0.4114    83.1100     0.8607    74.5500     0.1563    94.4600    29.5788
  24     0.0100     0.4109    82.6240     0.7268    76.9300     0.0353    98.2800    29.5156
  25     0.0100     0.3931    83.3400     0.7112    77.6700     0.1913    92.3400    29.5301
  26     0.0100     0.3868    83.4100     0.7364    76.4400     0.1077    95.9000    29.5765
  27     0.0100     0.3801    83.8560     0.9141    73.6600     0.4663    83.9000    29.3773
  28     0.0100     0.3723    84.0400     0.7203    77.6100     0.0835    96.3800    29.5199
  29     0.0100     0.3770    83.7860     0.7192    78.6900     0.3828    86.1800    29.5349
  30     0.0100     0.3608    84.3040     0.8494    74.0400     0.0453    98.3600    29.6743
  31     0.0100     0.3508    84.6720     0.9325    72.3700     0.0446    98.6000    29.4917
  32     0.0100     0.3461    85.0320     0.7235    78.6700     0.0759    96.4800    29.5688
  33     0.0100     0.3392    85.1640     0.7544    77.3000     0.0432    97.9000    29.4359
  34     0.0100     0.3375    85.0380     0.6979    78.0900     0.0386    98.7200    29.6299
  35     0.0100     0.3275    85.6960     0.8532    75.2800     0.0350    98.3800    29.6639
  36     0.0100     0.3253    85.5180     0.6749    80.4300     0.0812    96.5600    29.5060
  37     0.0100     0.3159    85.9620     0.7894    78.0400     0.1524    92.9000    29.4258
  38     0.0100     0.3177    85.8440     0.6566    81.2100     0.5293    84.8200    29.5018
  39     0.0100     0.3109    86.3000     0.7447    79.7300     0.0762    96.6000    29.5548
  40     0.0100     0.3046    86.4460     0.7231    79.3000     0.1859    92.3000    29.4801
----  ---------  ---------  ---------  ---------  ---------  ---------  ---------  ---------
  ep         lr    tr_loss     tr_acc     te_nll     te_acc    poi_nll    poi_acc       time
----  ---------  ---------  ---------  ---------  ---------  ---------  ---------  ---------
  41     0.0100     0.2998    86.4900     0.8099    77.5900     0.0676    97.1000    29.5519
  42     0.0100     0.2886    86.9880     0.6938    80.6300     0.2181    92.4200    29.5101
  43     0.0100     0.2971    86.6500     0.6327    81.8900     0.0576    97.7400    29.3384
  44     0.0100     0.2867    87.0200     0.9116    75.6700     0.0417    98.2000    29.5738
  45     0.0100     0.2796    87.3780     0.7000    80.2200     0.0577    97.6400    29.4894
  46     0.0100     0.2773    87.3540     0.7215    78.9100     0.0264    99.0000    29.5377
  47     0.0100     0.2702    87.7760     0.6807    81.4200     0.1010    96.2400    29.5548
  48     0.0100     0.2682    87.7040     0.7237    81.1000     0.0355    98.1800    29.4444
  49     0.0100     0.2653    87.7880     0.7065    81.2800     0.0694    96.7600    29.5841
  50     0.0100     0.2663    87.6640     0.7987    78.1000     0.0405    98.4000    29.5301
  51     0.0098     0.2669    87.7360     0.7196    81.2900     0.0739    97.5200    29.3794
  52     0.0095     0.2539    88.0340     0.9069    77.7700     0.0570    97.2800    29.3949
  53     0.0093     0.2520    88.4100     0.7019    81.8300     0.0544    97.3000    29.5321
  54     0.0090     0.2449    88.5280     0.7426    80.7500     0.0599    97.4000    29.3426
  55     0.0088     0.2388    88.7600     0.6616    82.9000     0.1098    96.4800    29.5277
  56     0.0085     0.2338    88.9620     0.8617    78.7400     0.2123    92.7800    29.5470
  57     0.0083     0.2314    89.0660     0.7266    80.5300     0.0365    98.6400    29.5998
  58     0.0080     0.2271    89.2100     0.6980    82.3900     0.1765    93.6600    29.5315
  59     0.0078     0.2193    89.7080     0.7374    82.2200     0.1451    95.5800    29.5502
  60     0.0075     0.2174    89.6060     0.7975    81.0300     0.0318    98.3800    29.7276
  61     0.0073     0.2134    89.5840     0.9117    79.7200     0.1213    95.5600    29.5085
  62     0.0070     0.2148    89.7280     0.7850    81.4100     0.0332    98.7400    29.3568
  63     0.0068     0.2084    90.0560     0.8894    78.9900     0.0174    99.2600    29.4937
  64     0.0065     0.2016    90.3960     0.7939    81.5200     0.0398    97.8800    29.3946
  65     0.0063     0.1997    90.3880     0.7515    82.3800     0.0442    97.8600    29.5340
  66     0.0060     0.1970    90.5180     0.7881    82.6500     0.0739    97.3800    29.5113
  67     0.0058     0.1933    90.5640     0.8111    81.7500     0.0247    98.8400    29.5615
  68     0.0055     0.1902    90.7140     0.7740    83.0700     0.0503    97.9400    29.6190
  69     0.0053     0.1864    90.9300     0.7612    83.6400     0.1786    95.0800    29.5398
  70     0.0051     0.1851    91.0020     0.8329    82.1800     0.0413    98.5200    29.5107
  71     0.0048     0.1815    91.1460     0.8355    82.9300     0.0889    97.0400    29.4647
  72     0.0046     0.1800    91.2320     0.8003    83.2000     0.0879    97.2400    29.4733
  73     0.0043     0.1707    91.5500     0.8145    83.2300     0.0460    98.1400    29.5417
  74     0.0041     0.1741    91.3860     0.9056    81.5200     0.0193    99.1000    29.4871
  75     0.0038     0.1674    91.8360     0.8101    83.5400     0.0802    97.5800    29.4191
  76     0.0036     0.1672    91.7220     0.8292    83.1200     0.0350    98.6000    29.7490
  77     0.0033     0.1622    91.9860     0.8304    83.8500     0.1037    96.9000    29.5872
  78     0.0031     0.1562    92.2660     0.8761    82.7600     0.0331    98.6600    29.6570
  79     0.0028     0.1596    92.0640     0.8875    83.0100     0.0372    98.6400    29.5076
  80     0.0026     0.1554    92.3600     0.8753    83.1600     0.0452    98.3200    29.7423
----  ---------  ---------  ---------  ---------  ---------  ---------  ---------  ---------
  ep         lr    tr_loss     tr_acc     te_nll     te_acc    poi_nll    poi_acc       time
----  ---------  ---------  ---------  ---------  ---------  ---------  ---------  ---------
  81     0.0023     0.1537    92.4720     0.8939    83.0600     0.0342    98.8200    29.6073
  82     0.0021     0.1546    92.3980     0.8619    83.4000     0.0457    98.5400    29.7639
  83     0.0018     0.1479    92.7100     0.8954    83.2100     0.0513    98.3200    29.6457
  84     0.0016     0.1470    92.7420     0.9154    83.3400     0.0552    98.3000    29.6518
  85     0.0013     0.1470    92.8020     0.9057    83.2600     0.0535    98.2600    29.4829
  86     0.0011     0.1419    92.9040     0.8948    83.4700     0.0488    98.4200    29.7399
  87     0.0008     0.1424    93.0240     0.9036    83.5700     0.0601    98.2600    29.6344
  88     0.0006     0.1402    93.0420     0.9035    83.6900     0.0732    98.0600    29.6658
  89     0.0003     0.1405    93.0600     0.9030    83.7000     0.0501    98.5800    29.6136
  90     0.0001     0.1404    93.1500     0.9084    83.7000     0.0507    98.5600    29.9548
  91     0.0001     0.1399    93.0980     0.9217    83.5800     0.0467    98.5000    29.6811
  92     0.0001     0.1399    93.0940     0.8999    83.8600     0.0579    98.4400    29.6737
  93     0.0001     0.1370    93.1760     0.9135    83.6500     0.0403    98.6800    29.5319
  94     0.0001     0.1380    93.3260     0.9094    83.7900     0.0468    98.5400    29.7231
  95     0.0001     0.1417    92.9840     0.9249    83.5800     0.0444    98.7400    29.7297
  96     0.0001     0.1395    93.1500     0.9251    83.6900     0.0506    98.4600    29.5990
  97     0.0001     0.1384    93.2500     0.9192    83.6000     0.0557    98.2800    29.5827
  98     0.0001     0.1371    93.2440     0.9104    83.9400     0.0532    98.4600    29.5771
  99     0.0001     0.1384    93.2260     0.9174    83.6800     0.0370    98.8800    29.7549
 100     0.0001     0.1384    93.1680     0.9235    83.5400     0.0469    98.5800    29.7485
